<?xml version="1.0" encoding="UTF-8"?>
<!-- Generated by org.testng.reporters.JUnitXMLReporter -->
<testsuite ignored="0" hostname="DESKTOP-K42ITB2" failures="1" tests="1" name="Test" time="0.058" errors="0" timestamp="2024-05-15T21:40:57 IST">
  <testcase classname="com.ktn.tests.NopCommerceDemoTest" name="nopSigninTest" time="0.0">
    <failure type="org.testng.TestNGException" message="
Cannot inject @Test annotated Method [nopSigninTest] with [interface java.util.Map].
For more information on native dependency injection please refer to https://testng.org/doc/documentation-main.html#native-dependency-injection">
      <![CDATA[org.testng.TestNGException: 
Cannot inject @Test annotated Method [nopSigninTest] with [interface java.util.Map].
For more information on native dependency injection please refer to https://testng.org/doc/documentation-main.html#native-dependency-injection
at java.base/java.util.ArrayList.forEach(ArrayList.java:1511)
... Removed 26 stack frames]]>
    </failure>
  </testcase> <!-- nopSigninTest -->
</testsuite> <!-- Test -->
